[debug] [2024-09-09T21:01:02.975Z] ----------------------------------------------------------------------
[debug] [2024-09-09T21:01:02.980Z] Command:       C:\Program Files\nodejs\node.exe C:\Users\china\AppData\Roaming\npm\node_modules\firebase-tools\lib\bin\firebase.js init
[debug] [2024-09-09T21:01:02.981Z] CLI Version:   13.16.0
[debug] [2024-09-09T21:01:02.981Z] Platform:      win32
[debug] [2024-09-09T21:01:02.981Z] Node Version:  v20.17.0
[debug] [2024-09-09T21:01:02.982Z] Time:          Mon Sep 09 2024 17:01:02 GMT-0400 (Eastern Daylight Time)
[debug] [2024-09-09T21:01:02.982Z] ----------------------------------------------------------------------
[debug] 
[debug] [2024-09-09T21:01:02.994Z] > command requires scopes: ["email","openid","https://www.googleapis.com/auth/cloudplatformprojects.readonly","https://www.googleapis.com/auth/firebase","https://www.googleapis.com/auth/cloud-platform"]
[debug] [2024-09-09T21:01:02.995Z] > authorizing via signed-in user (chinazorfredrick@gmail.com)
[info] 
     ######## #### ########  ######## ########     ###     ######  ########
     ##        ##  ##     ## ##       ##     ##  ##   ##  ##       ##
     ######    ##  ########  ######   ########  #########  ######  ######
     ##        ##  ##    ##  ##       ##     ## ##     ##       ## ##
     ##       #### ##     ## ######## ########  ##     ##  ######  ########

You're about to initialize a Firebase project in this directory:

  C:\Users\china\OneDrive\Documents\Projects\blogApp\dist

[info] 
=== Project Setup
[info] 
[info] First, let's associate this project directory with a Firebase project.
[info] You can create multiple project aliases by running firebase use --add, 
[info] but for now we'll just set up a default project.
[info] 
[debug] [2024-09-09T21:01:51.080Z] > refreshing access token with scopes: []
[debug] [2024-09-09T21:01:51.087Z] >>> [apiv2][query] POST https://www.googleapis.com/oauth2/v3/token [none]
[debug] [2024-09-09T21:01:51.088Z] >>> [apiv2][body] POST https://www.googleapis.com/oauth2/v3/token [omitted]
[debug] [2024-09-09T21:01:51.388Z] <<< [apiv2][status] POST https://www.googleapis.com/oauth2/v3/token 200
[debug] [2024-09-09T21:01:51.388Z] <<< [apiv2][body] POST https://www.googleapis.com/oauth2/v3/token [omitted]
[debug] [2024-09-09T21:01:51.404Z] >>> [apiv2][query] GET https://firebase.googleapis.com/v1beta1/projects pageSize=100
[debug] [2024-09-09T21:01:51.846Z] <<< [apiv2][status] GET https://firebase.googleapis.com/v1beta1/projects 200
[debug] [2024-09-09T21:01:51.846Z] <<< [apiv2][body] GET https://firebase.googleapis.com/v1beta1/projects [omitted]
[info] i  Using project freddie-blog-base (freddie-blog-base) 
[info] 
=== Database Setup
[info] i  database: ensuring required API firebasedatabase.googleapis.com is enabled... 
[debug] [2024-09-09T21:02:31.472Z] >>> [apiv2][query] GET https://serviceusage.googleapis.com/v1/projects/freddie-blog-base/services/firebasedatabase.googleapis.com [none]
[debug] [2024-09-09T21:02:31.472Z] >>> [apiv2][(partial)header] GET https://serviceusage.googleapis.com/v1/projects/freddie-blog-base/services/firebasedatabase.googleapis.com x-goog-quota-user=projects/freddie-blog-base
[debug] [2024-09-09T21:02:31.888Z] <<< [apiv2][status] GET https://serviceusage.googleapis.com/v1/projects/freddie-blog-base/services/firebasedatabase.googleapis.com 200
[debug] [2024-09-09T21:02:31.888Z] <<< [apiv2][body] GET https://serviceusage.googleapis.com/v1/projects/freddie-blog-base/services/firebasedatabase.googleapis.com [omitted]
[warn] !  database: missing required API firebasedatabase.googleapis.com. Enabling now... 
[debug] [2024-09-09T21:02:31.890Z] >>> [apiv2][query] POST https://serviceusage.googleapis.com/v1/projects/freddie-blog-base/services/firebasedatabase.googleapis.com:enable [none]
[debug] [2024-09-09T21:02:31.891Z] >>> [apiv2][(partial)header] POST https://serviceusage.googleapis.com/v1/projects/freddie-blog-base/services/firebasedatabase.googleapis.com:enable x-goog-quota-user=projects/freddie-blog-base
[debug] [2024-09-09T21:02:32.401Z] <<< [apiv2][status] POST https://serviceusage.googleapis.com/v1/projects/freddie-blog-base/services/firebasedatabase.googleapis.com:enable 200
[debug] [2024-09-09T21:02:32.401Z] <<< [apiv2][body] POST https://serviceusage.googleapis.com/v1/projects/freddie-blog-base/services/firebasedatabase.googleapis.com:enable [omitted]
[debug] [2024-09-09T21:02:42.411Z] >>> [apiv2][query] GET https://serviceusage.googleapis.com/v1/projects/freddie-blog-base/services/firebasedatabase.googleapis.com [none]
[debug] [2024-09-09T21:02:42.412Z] >>> [apiv2][(partial)header] GET https://serviceusage.googleapis.com/v1/projects/freddie-blog-base/services/firebasedatabase.googleapis.com x-goog-quota-user=projects/freddie-blog-base
[debug] [2024-09-09T21:02:43.164Z] <<< [apiv2][status] GET https://serviceusage.googleapis.com/v1/projects/freddie-blog-base/services/firebasedatabase.googleapis.com 200
[debug] [2024-09-09T21:02:43.164Z] <<< [apiv2][body] GET https://serviceusage.googleapis.com/v1/projects/freddie-blog-base/services/firebasedatabase.googleapis.com [omitted]
[info] +  database: required API firebasedatabase.googleapis.com is enabled 
[info] 
[debug] [2024-09-09T21:02:43.168Z] >>> [apiv2][query] GET https://firebase.googleapis.com/v1beta1/projects/freddie-blog-base [none]
[debug] [2024-09-09T21:02:43.662Z] <<< [apiv2][status] GET https://firebase.googleapis.com/v1beta1/projects/freddie-blog-base 200
[debug] [2024-09-09T21:02:43.663Z] <<< [apiv2][body] GET https://firebase.googleapis.com/v1beta1/projects/freddie-blog-base {"projectId":"freddie-blog-base","projectNumber":"512641764244","displayName":"freddie-blog-base","name":"projects/freddie-blog-base","resources":{"hostingSite":"freddie-blog-base","storageBucket":"freddie-blog-base.appspot.com","locationId":"us-central"},"state":"ACTIVE","etag":"1_604455e8-f6c3-4f32-a66c-ac79ba50f350"}
[debug] [2024-09-09T21:03:47.525Z] >>> [apiv2][query] POST https://firebasedatabase.googleapis.com/v1beta/projects/freddie-blog-base/locations/us-central1/instances databaseId=freddie-blog-base-default-rtdb&validateOnly=true
[debug] [2024-09-09T21:03:47.525Z] >>> [apiv2][body] POST https://firebasedatabase.googleapis.com/v1beta/projects/freddie-blog-base/locations/us-central1/instances {"type":"default_database"}
[debug] [2024-09-09T21:03:48.055Z] <<< [apiv2][status] POST https://firebasedatabase.googleapis.com/v1beta/projects/freddie-blog-base/locations/us-central1/instances 200
[debug] [2024-09-09T21:03:48.055Z] <<< [apiv2][body] POST https://firebasedatabase.googleapis.com/v1beta/projects/freddie-blog-base/locations/us-central1/instances {"name":"projects/512641764244/locations/us-central1/instances/freddie-blog-base-default-rtdb","project":"projects/512641764244","databaseUrl":"https://freddie-blog-base-default-rtdb.firebaseio.com","type":"DEFAULT_DATABASE","state":"ACTIVE"}
[debug] [2024-09-09T21:03:48.057Z] >>> [apiv2][query] POST https://firebasedatabase.googleapis.com/v1beta/projects/freddie-blog-base/locations/us-central1/instances databaseId=freddie-blog-base-default-rtdb
[debug] [2024-09-09T21:03:48.058Z] >>> [apiv2][body] POST https://firebasedatabase.googleapis.com/v1beta/projects/freddie-blog-base/locations/us-central1/instances {"type":"default_database"}
[debug] [2024-09-09T21:03:48.479Z] <<< [apiv2][status] POST https://firebasedatabase.googleapis.com/v1beta/projects/freddie-blog-base/locations/us-central1/instances 200
[debug] [2024-09-09T21:03:48.479Z] <<< [apiv2][body] POST https://firebasedatabase.googleapis.com/v1beta/projects/freddie-blog-base/locations/us-central1/instances {"name":"projects/512641764244/locations/us-central1/instances/freddie-blog-base-default-rtdb","project":"projects/512641764244","databaseUrl":"https://freddie-blog-base-default-rtdb.firebaseio.com","type":"DEFAULT_DATABASE","state":"ACTIVE"}
[info] 
[info] Firebase Realtime Database Security Rules allow you to define how your data should be
[info] structured and when your data can be read from and written to.
[info] 
[debug] [2024-09-09T21:04:08.883Z] >>> [apiv2][query] GET https://freddie-blog-base-default-rtdb.firebaseio.com/.settings/rules.json [none]
[debug] [2024-09-09T21:04:09.575Z] <<< [apiv2][status] GET https://freddie-blog-base-default-rtdb.firebaseio.com/.settings/rules.json 200
[debug] [2024-09-09T21:04:09.575Z] <<< [apiv2][body] GET https://freddie-blog-base-default-rtdb.firebaseio.com/.settings/rules.json [stream]
[info] +  Database Rules for freddie-blog-base-default-rtdb have been written to database.rules.json. 
[info] Future modifications to database.rules.json will update Realtime Database Security Rules when you run
[info] firebase deploy.
[info] 
=== Hosting Setup
[debug] [2024-09-09T21:04:09.582Z] >>> [apiv2][query] GET https://firebase.googleapis.com/v1beta1/projects/freddie-blog-base [none]
[debug] [2024-09-09T21:04:10.194Z] <<< [apiv2][status] GET https://firebase.googleapis.com/v1beta1/projects/freddie-blog-base 200
[debug] [2024-09-09T21:04:10.194Z] <<< [apiv2][body] GET https://firebase.googleapis.com/v1beta1/projects/freddie-blog-base {"projectId":"freddie-blog-base","projectNumber":"512641764244","displayName":"freddie-blog-base","name":"projects/freddie-blog-base","resources":{"hostingSite":"freddie-blog-base","realtimeDatabaseInstance":"freddie-blog-base-default-rtdb","storageBucket":"freddie-blog-base.appspot.com","locationId":"us-central"},"state":"ACTIVE","etag":"1_604455e8-f6c3-4f32-a66c-ac79ba50f350"}
[info] 
[info] Your public directory is the folder (relative to your project directory) that
[info] will contain Hosting assets to be uploaded with firebase deploy. If you
[info] have a build process for your assets, use your build's output directory.
[info] 
[info] +  Wrote blog-app/404.html 
[debug] [2024-09-09T21:07:08.065Z] >>> [apiv2][query] GET https://www.gstatic.com/firebasejs/releases.json [none]
[debug] [2024-09-09T21:07:08.201Z] <<< [apiv2][status] GET https://www.gstatic.com/firebasejs/releases.json 200
[debug] [2024-09-09T21:07:08.202Z] <<< [apiv2][body] GET https://www.gstatic.com/firebasejs/releases.json {"current":{"version":"10.13.1","browserURL":"https://www.gstatic.com/firebasejs/10.13.1/firebase.js","packageURL":"https://www.gstatic.com/firebasejs/10.13.1/firebase.tgz"},"live":{"version":"10.13","browserURL":"https://www.gstatic.com/firebasejs/live/10.13/firebase.js","packageURL":"https://www.gstatic.com/firebasejs/live/10.13/firebase.tgz"},"components":{"analytics":"https://www.gstatic.com/firebasejs/10.13.1/firebase-analytics.js","app":"https://www.gstatic.com/firebasejs/10.13.1/firebase-app.js","app-check":"https://www.gstatic.com/firebasejs/10.13.1/firebase-app-check.js","auth":"https://www.gstatic.com/firebasejs/10.13.1/firebase-auth.js","auth/cordova":"https://www.gstatic.com/firebasejs/10.13.1/firebase-auth/cordova.js","auth/web-extension":"https://www.gstatic.com/firebasejs/10.13.1/firebase-auth/web-extension.js","functions":"https://www.gstatic.com/firebasejs/10.13.1/firebase-functions.js","firestore":"https://www.gstatic.com/firebasejs/10.13.1/firebase-firestore.js","firestore/lite":"https://www.gstatic.com/firebasejs/10.13.1/firebase-firestore/lite.js","installations":"https://www.gstatic.com/firebasejs/10.13.1/firebase-installations.js","storage":"https://www.gstatic.com/firebasejs/10.13.1/firebase-storage.js","performance":"https://www.gstatic.com/firebasejs/10.13.1/firebase-performance.js","remote-config":"https://www.gstatic.com/firebasejs/10.13.1/firebase-remote-config.js","messaging":"https://www.gstatic.com/firebasejs/10.13.1/firebase-messaging.js","messaging/sw":"https://www.gstatic.com/firebasejs/10.13.1/firebase-messaging/sw.js","database":"https://www.gstatic.com/firebasejs/10.13.1/firebase-database.js","vertexai-preview":"https://www.gstatic.com/firebasejs/10.13.1/firebase-vertexai-preview.js","firestore.memory":"https://www.gstatic.com/firebasejs/10.13.1/firebase-firestore.memory.js"}}
[info] i  Skipping write of blog-app/index.html 
[info] 
[info] i  Didn't detect a .git folder. Assuming C:\Users\china\OneDrive\Documents\Projects\blogApp\dist is the project root. 
[info] i  Authorizing with GitHub to upload your service account to a GitHub repository's secrets store. 
[info] 
[info] Visit this URL on this device to log in:
[info] https://github.com/login/oauth/authorize?client_id=89cf50f02ac6aaed3484&state=742158249&redirect_uri=http%3A%2F%2Flocalhost%3A9005&scope=read%3Auser%20repo%20public_repo
[info] 
[info] Waiting for authentication...
[debug] [2024-09-09T21:07:53.925Z] >>> [apiv2][query] POST https://github.com/login/oauth/access_token [none]
[debug] [2024-09-09T21:07:53.925Z] >>> [apiv2][body] POST https://github.com/login/oauth/access_token [stream]
[debug] [2024-09-09T21:07:54.182Z] <<< [apiv2][status] POST https://github.com/login/oauth/access_token 200
[debug] [2024-09-09T21:07:54.182Z] <<< [apiv2][body] POST https://github.com/login/oauth/access_token {"access_token":"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","token_type":"bearer","scope":"read:user,repo"}
[debug] [2024-09-09T21:07:54.186Z] >>> [apiv2][query] GET https://api.github.com/user [none]
[debug] [2024-09-09T21:07:54.458Z] <<< [apiv2][status] GET https://api.github.com/user 200
[debug] [2024-09-09T21:07:54.459Z] <<< [apiv2][body] GET https://api.github.com/user {"login":"Fred-Michael","id":22029840,"node_id":"MDQ6VXNlcjIyMDI5ODQw","avatar_url":"https://avatars.githubusercontent.com/u/22029840?v=4","gravatar_id":"","url":"https://api.github.com/users/Fred-Michael","html_url":"https://github.com/Fred-Michael","followers_url":"https://api.github.com/users/Fred-Michael/followers","following_url":"https://api.github.com/users/Fred-Michael/following{/other_user}","gists_url":"https://api.github.com/users/Fred-Michael/gists{/gist_id}","starred_url":"https://api.github.com/users/Fred-Michael/starred{/owner}{/repo}","subscriptions_url":"https://api.github.com/users/Fred-Michael/subscriptions","organizations_url":"https://api.github.com/users/Fred-Michael/orgs","repos_url":"https://api.github.com/users/Fred-Michael/repos","events_url":"https://api.github.com/users/Fred-Michael/events{/privacy}","received_events_url":"https://api.github.com/users/Fred-Michael/received_events","type":"User","site_admin":false,"name":"Fredrick Okafor","company":null,"blog":"https://chinazor-okafor.netlify.app","location":"Ontario, Canada","email":"chinazorfredrick@gmail.com","hireable":true,"bio":"No one is you, and that is your superpower 🚀🚀🚀","twitter_username":"iamILIBID","notification_email":"chinazorfredrick@gmail.com","public_repos":18,"public_gists":0,"followers":5,"following":4,"created_at":"2016-09-06T13:57:49Z","updated_at":"2024-08-13T20:36:29Z","private_gists":0,"total_private_repos":0,"owned_private_repos":0,"disk_usage":59731,"collaborators":0,"two_factor_authentication":true,"plan":{"name":"free","space":976562499,"collaborators":0,"private_repos":10000}}
[info] 
[info] +  Success! Logged into GitHub as Fred-Michael 
[info] 
[debug] [2024-09-09T21:08:33.834Z] >>> [apiv2][query] GET https://api.github.com/repos/Fred-Michael/blogApp/actions/secrets/public-key type=owner
[debug] [2024-09-09T21:08:34.056Z] <<< [apiv2][status] GET https://api.github.com/repos/Fred-Michael/blogApp/actions/secrets/public-key 404
[debug] [2024-09-09T21:08:34.057Z] <<< [apiv2][body] GET https://api.github.com/repos/Fred-Michael/blogApp/actions/secrets/public-key {"message":"Not Found","documentation_url":"https://docs.github.com/rest/actions/secrets#get-a-repository-public-key","status":"404"}
[info] 
[info] 
[error] !  The provided authorization cannot be used with this repository. If this repository is in an organization, did you remember to grant access? 
[info] 
[info] i  Action required: Visit this URL to ensure access has been granted to the appropriate organization(s) for the Firebase CLI GitHub OAuth App: 
[info] https://github.com/settings/connections/applications/89cf50f02ac6aaed3484
[info] 
